<?xml version="1.0" encoding="UTF-8"?>
<testsuite name="com.green.airline.GreenAirlineApplicationTests" tests="1" skipped="0" failures="0" errors="0" timestamp="2024-09-01T03:04:01" hostname="DESKTOP-KT6KML5" time="1.125">
  <properties/>
  <testcase name="contextLoads()" classname="com.green.airline.GreenAirlineApplicationTests" time="1.125"/>
  <system-out><![CDATA[12:03:50.304 [Test worker] DEBUG org.springframework.test.context.BootstrapUtils - Instantiating CacheAwareContextLoaderDelegate from class [org.springframework.test.context.cache.DefaultCacheAwareContextLoaderDelegate]
12:03:50.405 [Test worker] DEBUG org.springframework.test.context.BootstrapUtils - Instantiating BootstrapContext using constructor [public org.springframework.test.context.support.DefaultBootstrapContext(java.lang.Class,org.springframework.test.context.CacheAwareContextLoaderDelegate)]
12:03:50.566 [Test worker] DEBUG org.springframework.test.context.BootstrapUtils - Instantiating TestContextBootstrapper for test class [com.green.airline.GreenAirlineApplicationTests] from class [org.springframework.boot.test.context.SpringBootTestContextBootstrapper]
12:03:50.622 [Test worker] INFO org.springframework.boot.test.context.SpringBootTestContextBootstrapper - Neither @ContextConfiguration nor @ContextHierarchy found for test class [com.green.airline.GreenAirlineApplicationTests], using SpringBootContextLoader
12:03:50.652 [Test worker] DEBUG org.springframework.test.context.support.AbstractContextLoader - Did not detect default resource location for test class [com.green.airline.GreenAirlineApplicationTests]: class path resource [com/green/airline/GreenAirlineApplicationTests-context.xml] does not exist
12:03:50.656 [Test worker] DEBUG org.springframework.test.context.support.AbstractContextLoader - Did not detect default resource location for test class [com.green.airline.GreenAirlineApplicationTests]: class path resource [com/green/airline/GreenAirlineApplicationTestsContext.groovy] does not exist
12:03:50.656 [Test worker] INFO org.springframework.test.context.support.AbstractContextLoader - Could not detect default resource locations for test class [com.green.airline.GreenAirlineApplicationTests]: no resource found for suffixes {-context.xml, Context.groovy}.
12:03:50.658 [Test worker] INFO org.springframework.test.context.support.AnnotationConfigContextLoaderUtils - Could not detect default configuration classes for test class [com.green.airline.GreenAirlineApplicationTests]: GreenAirlineApplicationTests does not declare any static, non-private, non-final, nested classes annotated with @Configuration.
12:03:50.802 [Test worker] DEBUG org.springframework.test.context.support.ActiveProfilesUtils - Could not find an 'annotation declaring class' for annotation type [org.springframework.test.context.ActiveProfiles] and class [com.green.airline.GreenAirlineApplicationTests]
12:03:51.052 [Test worker] DEBUG org.springframework.context.annotation.ClassPathScanningCandidateComponentProvider - Identified candidate component class: file [C:\Users\chanwooLim\final_proejct\green_airline_project\build\classes\java\main\com\green\airline\GreenAirlineApplication.class]
12:03:51.055 [Test worker] INFO org.springframework.boot.test.context.SpringBootTestContextBootstrapper - Found @SpringBootConfiguration com.green.airline.GreenAirlineApplication for test class com.green.airline.GreenAirlineApplicationTests
12:03:51.423 [Test worker] DEBUG org.springframework.boot.test.context.SpringBootTestContextBootstrapper - @TestExecutionListeners is not present for class [com.green.airline.GreenAirlineApplicationTests]: using defaults.
12:03:51.425 [Test worker] INFO org.springframework.boot.test.context.SpringBootTestContextBootstrapper - Loaded default TestExecutionListener class names from location [META-INF/spring.factories]: [org.springframework.boot.test.autoconfigure.restdocs.RestDocsTestExecutionListener, org.springframework.boot.test.autoconfigure.web.client.MockRestServiceServerResetTestExecutionListener, org.springframework.boot.test.autoconfigure.web.servlet.MockMvcPrintOnlyOnFailureTestExecutionListener, org.springframework.boot.test.autoconfigure.web.servlet.WebDriverTestExecutionListener, org.springframework.boot.test.autoconfigure.webservices.client.MockWebServiceServerTestExecutionListener, org.springframework.boot.test.mock.mockito.MockitoTestExecutionListener, org.springframework.boot.test.mock.mockito.ResetMocksTestExecutionListener, org.springframework.test.context.web.ServletTestExecutionListener, org.springframework.test.context.support.DirtiesContextBeforeModesTestExecutionListener, org.springframework.test.context.event.ApplicationEventsTestExecutionListener, org.springframework.test.context.support.DependencyInjectionTestExecutionListener, org.springframework.test.context.support.DirtiesContextTestExecutionListener, org.springframework.test.context.transaction.TransactionalTestExecutionListener, org.springframework.test.context.jdbc.SqlScriptsTestExecutionListener, org.springframework.test.context.event.EventPublishingTestExecutionListener]
12:03:51.466 [Test worker] INFO org.springframework.boot.test.context.SpringBootTestContextBootstrapper - Using TestExecutionListeners: [org.springframework.test.context.web.ServletTestExecutionListener@5fd9b663, org.springframework.test.context.support.DirtiesContextBeforeModesTestExecutionListener@214894fc, org.springframework.test.context.event.ApplicationEventsTestExecutionListener@10567255, org.springframework.boot.test.mock.mockito.MockitoTestExecutionListener@e362c57, org.springframework.boot.test.autoconfigure.SpringBootDependencyInjectionTestExecutionListener@1c4ee95c, org.springframework.test.context.support.DirtiesContextTestExecutionListener@79c4715d, org.springframework.test.context.transaction.TransactionalTestExecutionListener@5aa360ea, org.springframework.test.context.jdbc.SqlScriptsTestExecutionListener@6548bb7d, org.springframework.test.context.event.EventPublishingTestExecutionListener@e27ba81, org.springframework.boot.test.autoconfigure.restdocs.RestDocsTestExecutionListener@54336c81, org.springframework.boot.test.autoconfigure.web.client.MockRestServiceServerResetTestExecutionListener@1556f2dd, org.springframework.boot.test.autoconfigure.web.servlet.MockMvcPrintOnlyOnFailureTestExecutionListener@35e52059, org.springframework.boot.test.autoconfigure.web.servlet.WebDriverTestExecutionListener@62577d6, org.springframework.boot.test.autoconfigure.webservices.client.MockWebServiceServerTestExecutionListener@49bd54f7, org.springframework.boot.test.mock.mockito.ResetMocksTestExecutionListener@6b5f8707]
12:03:51.473 [Test worker] DEBUG org.springframework.test.context.support.AbstractDirtiesContextTestExecutionListener - Before test class: context [DefaultTestContext@5d332969 testClass = GreenAirlineApplicationTests, testInstance = [null], testMethod = [null], testException = [null], mergedContextConfiguration = [WebMergedContextConfiguration@7cc9ce8 testClass = GreenAirlineApplicationTests, locations = '{}', classes = '{class com.green.airline.GreenAirlineApplication}', contextInitializerClasses = '[]', activeProfiles = '{}', propertySourceLocations = '{}', propertySourceProperties = '{org.springframework.boot.test.context.SpringBootTestContextBootstrapper=true}', contextCustomizers = set[org.springframework.boot.test.autoconfigure.actuate.metrics.MetricsExportContextCustomizerFactory$DisableMetricExportContextCustomizer@45cff11c, org.springframework.boot.test.autoconfigure.properties.PropertyMappingContextCustomizer@0, org.springframework.boot.test.autoconfigure.web.servlet.WebDriverContextCustomizerFactory$Customizer@78a287ed, org.springframework.boot.test.context.filter.ExcludeFilterContextCustomizer@485a3466, org.springframework.boot.test.json.DuplicateJsonObjectContextCustomizerFactory$DuplicateJsonObjectContextCustomizer@5ad10c1a, org.springframework.boot.test.mock.mockito.MockitoContextCustomizer@0, org.springframework.boot.test.web.client.TestRestTemplateContextCustomizer@62435e70, org.springframework.boot.test.context.SpringBootTestArgs@1, org.springframework.boot.test.context.SpringBootTestWebEnvironment@4b34fff9], resourceBasePath = 'src/main/webapp', contextLoader = 'org.springframework.boot.test.context.SpringBootContextLoader', parent = [null]], attributes = map['org.springframework.test.context.web.ServletTestExecutionListener.activateListener' -> true]], class annotated with @DirtiesContext [false] with mode [null].

  .   ____          _            __ _ _
 /\\ / ___'_ __ _ _(_)_ __  __ _ \ \ \ \
( ( )\___ | '_ | '_| | '_ \/ _` | \ \ \ \
 \\/  ___)| |_)| | | | | || (_| |  ) ) ) )
  '  |____| .__|_| |_|_| |_\__, | / / / /
 =========|_|==============|___/=/_/_/_/
?[32m :: Spring Boot :: ?[39m             ?[2m (v2.7.11)?[0;39m

?[2m2024-09-01 12:03:52.851?[0;39m ?[32m INFO?[0;39m ?[35m21904?[0;39m ?[2m---?[0;39m ?[2m[    Test worker]?[0;39m ?[36mc.g.a.GreenAirlineApplicationTests      ?[0;39m ?[2m:?[0;39m Starting GreenAirlineApplicationTests using Java 11.0.17 on DESKTOP-KT6KML5 with PID 21904 (started by chanwooLim in C:\Users\chanwooLim\final_proejct\green_airline_project)
?[2m2024-09-01 12:03:52.862?[0;39m ?[32m INFO?[0;39m ?[35m21904?[0;39m ?[2m---?[0;39m ?[2m[    Test worker]?[0;39m ?[36mc.g.a.GreenAirlineApplicationTests      ?[0;39m ?[2m:?[0;39m No active profile set, falling back to 1 default profile: "default"
?[2m2024-09-01 12:03:55.706?[0;39m ?[32m INFO?[0;39m ?[35m21904?[0;39m ?[2m---?[0;39m ?[2m[    Test worker]?[0;39m ?[36mcom.zaxxer.hikari.HikariDataSource      ?[0;39m ?[2m:?[0;39m HikariPool-1 - Starting...
?[2m2024-09-01 12:03:56.537?[0;39m ?[32m INFO?[0;39m ?[35m21904?[0;39m ?[2m---?[0;39m ?[2m[    Test worker]?[0;39m ?[36mcom.zaxxer.hikari.HikariDataSource      ?[0;39m ?[2m:?[0;39m HikariPool-1 - Start completed.
?[2m2024-09-01 12:04:01.420?[0;39m ?[32m INFO?[0;39m ?[35m21904?[0;39m ?[2m---?[0;39m ?[2m[    Test worker]?[0;39m ?[36mc.g.a.GreenAirlineApplicationTests      ?[0;39m ?[2m:?[0;39m Started GreenAirlineApplicationTests in 9.867 seconds (JVM running for 15.528)
]]></system-out>
  <system-err><![CDATA[]]></system-err>
</testsuite>
