<?xml version="1.0" encoding="UTF-8"?>
<testsuite name="com.green.airline.GreenAirlineApplicationTests" tests="1" skipped="0" failures="0" errors="0" timestamp="2024-10-02T02:18:10" hostname="ip-10-0-0-117" time="0.401">
  <properties/>
  <testcase name="contextLoads()" classname="com.green.airline.GreenAirlineApplicationTests" time="0.401"/>
  <system-out><![CDATA[02:18:04.914 [Test worker] DEBUG org.springframework.test.context.BootstrapUtils - Instantiating CacheAwareContextLoaderDelegate from class [org.springframework.test.context.cache.DefaultCacheAwareContextLoaderDelegate]
02:18:04.930 [Test worker] DEBUG org.springframework.test.context.BootstrapUtils - Instantiating BootstrapContext using constructor [public org.springframework.test.context.support.DefaultBootstrapContext(java.lang.Class,org.springframework.test.context.CacheAwareContextLoaderDelegate)]
02:18:04.968 [Test worker] DEBUG org.springframework.test.context.BootstrapUtils - Instantiating TestContextBootstrapper for test class [com.green.airline.GreenAirlineApplicationTests] from class [org.springframework.boot.test.context.SpringBootTestContextBootstrapper]
02:18:04.980 [Test worker] INFO org.springframework.boot.test.context.SpringBootTestContextBootstrapper - Neither @ContextConfiguration nor @ContextHierarchy found for test class [com.green.airline.GreenAirlineApplicationTests], using SpringBootContextLoader
02:18:04.985 [Test worker] DEBUG org.springframework.test.context.support.AbstractContextLoader - Did not detect default resource location for test class [com.green.airline.GreenAirlineApplicationTests]: class path resource [com/green/airline/GreenAirlineApplicationTests-context.xml] does not exist
02:18:04.986 [Test worker] DEBUG org.springframework.test.context.support.AbstractContextLoader - Did not detect default resource location for test class [com.green.airline.GreenAirlineApplicationTests]: class path resource [com/green/airline/GreenAirlineApplicationTestsContext.groovy] does not exist
02:18:04.987 [Test worker] INFO org.springframework.test.context.support.AbstractContextLoader - Could not detect default resource locations for test class [com.green.airline.GreenAirlineApplicationTests]: no resource found for suffixes {-context.xml, Context.groovy}.
02:18:04.987 [Test worker] INFO org.springframework.test.context.support.AnnotationConfigContextLoaderUtils - Could not detect default configuration classes for test class [com.green.airline.GreenAirlineApplicationTests]: GreenAirlineApplicationTests does not declare any static, non-private, non-final, nested classes annotated with @Configuration.
02:18:05.034 [Test worker] DEBUG org.springframework.test.context.support.ActiveProfilesUtils - Could not find an 'annotation declaring class' for annotation type [org.springframework.test.context.ActiveProfiles] and class [com.green.airline.GreenAirlineApplicationTests]
02:18:05.111 [Test worker] DEBUG org.springframework.context.annotation.ClassPathScanningCandidateComponentProvider - Identified candidate component class: file [/home/ubuntu/green_airline_project/build/classes/java/main/com/green/airline/GreenAirlineApplication.class]
02:18:05.112 [Test worker] INFO org.springframework.boot.test.context.SpringBootTestContextBootstrapper - Found @SpringBootConfiguration com.green.airline.GreenAirlineApplication for test class com.green.airline.GreenAirlineApplicationTests
02:18:05.250 [Test worker] DEBUG org.springframework.boot.test.context.SpringBootTestContextBootstrapper - @TestExecutionListeners is not present for class [com.green.airline.GreenAirlineApplicationTests]: using defaults.
02:18:05.251 [Test worker] INFO org.springframework.boot.test.context.SpringBootTestContextBootstrapper - Loaded default TestExecutionListener class names from location [META-INF/spring.factories]: [org.springframework.boot.test.autoconfigure.restdocs.RestDocsTestExecutionListener, org.springframework.boot.test.autoconfigure.web.client.MockRestServiceServerResetTestExecutionListener, org.springframework.boot.test.autoconfigure.web.servlet.MockMvcPrintOnlyOnFailureTestExecutionListener, org.springframework.boot.test.autoconfigure.web.servlet.WebDriverTestExecutionListener, org.springframework.boot.test.autoconfigure.webservices.client.MockWebServiceServerTestExecutionListener, org.springframework.boot.test.mock.mockito.MockitoTestExecutionListener, org.springframework.boot.test.mock.mockito.ResetMocksTestExecutionListener, org.springframework.test.context.web.ServletTestExecutionListener, org.springframework.test.context.support.DirtiesContextBeforeModesTestExecutionListener, org.springframework.test.context.event.ApplicationEventsTestExecutionListener, org.springframework.test.context.support.DependencyInjectionTestExecutionListener, org.springframework.test.context.support.DirtiesContextTestExecutionListener, org.springframework.test.context.transaction.TransactionalTestExecutionListener, org.springframework.test.context.jdbc.SqlScriptsTestExecutionListener, org.springframework.test.context.event.EventPublishingTestExecutionListener]
02:18:05.271 [Test worker] INFO org.springframework.boot.test.context.SpringBootTestContextBootstrapper - Using TestExecutionListeners: [org.springframework.test.context.web.ServletTestExecutionListener@6ca0256d, org.springframework.test.context.support.DirtiesContextBeforeModesTestExecutionListener@5ef0d29e, org.springframework.test.context.event.ApplicationEventsTestExecutionListener@38f57b3d, org.springframework.boot.test.mock.mockito.MockitoTestExecutionListener@51850751, org.springframework.boot.test.autoconfigure.SpringBootDependencyInjectionTestExecutionListener@3ce3db41, org.springframework.test.context.support.DirtiesContextTestExecutionListener@64df9a61, org.springframework.test.context.transaction.TransactionalTestExecutionListener@77602954, org.springframework.test.context.jdbc.SqlScriptsTestExecutionListener@e260766, org.springframework.test.context.event.EventPublishingTestExecutionListener@2c3dec30, org.springframework.boot.test.autoconfigure.restdocs.RestDocsTestExecutionListener@34a97744, org.springframework.boot.test.autoconfigure.web.client.MockRestServiceServerResetTestExecutionListener@4275c20c, org.springframework.boot.test.autoconfigure.web.servlet.MockMvcPrintOnlyOnFailureTestExecutionListener@7c56e013, org.springframework.boot.test.autoconfigure.web.servlet.WebDriverTestExecutionListener@3fc9dfc5, org.springframework.boot.test.autoconfigure.webservices.client.MockWebServiceServerTestExecutionListener@40258c2f, org.springframework.boot.test.mock.mockito.ResetMocksTestExecutionListener@2cac4385]
02:18:05.276 [Test worker] DEBUG org.springframework.test.context.support.AbstractDirtiesContextTestExecutionListener - Before test class: context [DefaultTestContext@419a20a6 testClass = GreenAirlineApplicationTests, testInstance = [null], testMethod = [null], testException = [null], mergedContextConfiguration = [WebMergedContextConfiguration@533377b testClass = GreenAirlineApplicationTests, locations = '{}', classes = '{class com.green.airline.GreenAirlineApplication}', contextInitializerClasses = '[]', activeProfiles = '{}', propertySourceLocations = '{}', propertySourceProperties = '{org.springframework.boot.test.context.SpringBootTestContextBootstrapper=true}', contextCustomizers = set[org.springframework.boot.test.autoconfigure.actuate.metrics.MetricsExportContextCustomizerFactory$DisableMetricExportContextCustomizer@7fb95505, org.springframework.boot.test.autoconfigure.properties.PropertyMappingContextCustomizer@0, org.springframework.boot.test.autoconfigure.web.servlet.WebDriverContextCustomizerFactory$Customizer@1608bcbd, org.springframework.boot.test.context.filter.ExcludeFilterContextCustomizer@4426bff1, org.springframework.boot.test.json.DuplicateJsonObjectContextCustomizerFactory$DuplicateJsonObjectContextCustomizer@336f1079, org.springframework.boot.test.mock.mockito.MockitoContextCustomizer@0, org.springframework.boot.test.web.client.TestRestTemplateContextCustomizer@3c9c0d96, org.springframework.boot.test.context.SpringBootTestArgs@1, org.springframework.boot.test.context.SpringBootTestWebEnvironment@e7edb54], resourceBasePath = 'src/main/webapp', contextLoader = 'org.springframework.boot.test.context.SpringBootContextLoader', parent = [null]], attributes = map['org.springframework.test.context.web.ServletTestExecutionListener.activateListener' -> true]], class annotated with @DirtiesContext [false] with mode [null].

  .   ____          _            __ _ _
 /\\ / ___'_ __ _ _(_)_ __  __ _ \ \ \ \
( ( )\___ | '_ | '_| | '_ \/ _` | \ \ \ \
 \\/  ___)| |_)| | | | | || (_| |  ) ) ) )
  '  |____| .__|_| |_|_| |_\__, | / / / /
 =========|_|==============|___/=/_/_/_/
?[32m :: Spring Boot :: ?[39m             ?[2m (v2.7.11)?[0;39m

?[2m2024-10-02 02:18:05.881?[0;39m ?[32m INFO?[0;39m ?[35m379637?[0;39m ?[2m---?[0;39m ?[2m[    Test worker]?[0;39m ?[36mc.g.a.GreenAirlineApplicationTests      ?[0;39m ?[2m:?[0;39m Starting GreenAirlineApplicationTests using Java 11.0.24 on ip-10-0-0-117 with PID 379637 (started by ubuntu in /home/ubuntu/green_airline_project)
?[2m2024-10-02 02:18:05.884?[0;39m ?[32m INFO?[0;39m ?[35m379637?[0;39m ?[2m---?[0;39m ?[2m[    Test worker]?[0;39m ?[36mc.g.a.GreenAirlineApplicationTests      ?[0;39m ?[2m:?[0;39m No active profile set, falling back to 1 default profile: "default"
?[2m2024-10-02 02:18:07.906?[0;39m ?[32m INFO?[0;39m ?[35m379637?[0;39m ?[2m---?[0;39m ?[2m[    Test worker]?[0;39m ?[36mcom.zaxxer.hikari.HikariDataSource      ?[0;39m ?[2m:?[0;39m HikariPool-1 - Starting...
?[2m2024-10-02 02:18:08.391?[0;39m ?[32m INFO?[0;39m ?[35m379637?[0;39m ?[2m---?[0;39m ?[2m[    Test worker]?[0;39m ?[36mcom.zaxxer.hikari.HikariDataSource      ?[0;39m ?[2m:?[0;39m HikariPool-1 - Start completed.
?[2m2024-10-02 02:18:10.844?[0;39m ?[32m INFO?[0;39m ?[35m379637?[0;39m ?[2m---?[0;39m ?[2m[    Test worker]?[0;39m ?[36mc.g.a.GreenAirlineApplicationTests      ?[0;39m ?[2m:?[0;39m Started GreenAirlineApplicationTests in 5.524 seconds (JVM running for 7.13)
]]></system-out>
  <system-err><![CDATA[]]></system-err>
</testsuite>
